android/eclipse-workspace/WebCamera/proguard.cfg
-dontpreverify
-repackageclasses ''
-allowaccessmodification
-dontskipnonpubliclibraryclasses
-optimizationpasses 2
-printmapping map.txt
-flattenpackagehierarchy
-libraryjars libs/isoparser.jar

-keep class com.coremedia.** { *; }
-keep public class com.appdh.webcamera.MainActivity
-keep class * implements com.coremedia.iso.boxes.Box
-keep class * extends com.coremedia.iso.boxes.AbstractBox
-keep class * extends com.coremedia.iso.boxes.ContainerBox
-keepclasseswithmembers class * {
    public <init>(android.content.Context, android.util.AttributeSet, int);
}

-keepclassmembers class * implements android.os.Parcelable {
    static android.os.Parcelable$Creator CREATOR;
}

-keepclassmembers class **.R$* {
    public static <fields>;
}
-assumenosideeffects class android.util.Log {
    public static int v(...);
}