android/eclipse-workspace/WebCamera/proguard/seeds.txt
com.appdh.webcamera.MainActivity
com.appdh.webcamera.R$id: int username_edit
com.appdh.webcamera.R$id: int username_view
com.appdh.webcamera.R$drawable: int bg
com.appdh.webcamera.R$drawable: int button_active
com.appdh.webcamera.R$drawable: int button_inactive
com.appdh.webcamera.R$drawable: int icon
com.appdh.webcamera.R$raw: int index
com.appdh.webcamera.R$raw: int player
com.appdh.webcamera.R$raw: int player2
com.appdh.webcamera.R$raw: int yt
com.appdh.webcamera.R$layout: int alert_dialog_text_entry
com.appdh.webcamera.R$layout: int topview
com.appdh.webcamera.R$string: int app_name
com.appdh.webcamera.R$string: int exit
com.appdh.webcamera.R$string: int info_welcome
com.appdh.webcamera.R$string: int relay_ok
com.appdh.webcamera.R$string: int setup
com.appdh.webcamera.R$string: int setup_camera
com.appdh.webcamera.R$string: int setup_error
com.appdh.webcamera.R$string: int setup_ok
com.appdh.webcamera.R$string: int setup_process
com.appdh.webcamera.R$string: int setup_wait
com.appdh.webcamera.R$string: int start
com.appdh.webcamera.R$string: int start_server
...
com.coremedia.iso.boxes.fragment.MovieFragmentRandomAccessBox
com.coremedia.iso.boxes.fragment.MovieFragmentRandomAccessBox: java.lang.String TYPE
com.coremedia.iso.boxes.fragment.MovieFragmentRandomAccessBox: MovieFragmentRandomAccessBox()
com.coremedia.iso.boxes.fragment.MovieFragmentRandomAccessBox: java.lang.String getDisplayName()
com.coremedia.iso.boxes.AbstractContainerBox: com.coremedia.iso.boxes.Box[] boxes
com.coremedia.iso.boxes.AbstractContainerBox: boolean $assertionsDisabled
com.coremedia.iso.boxes.AbstractContainerBox: void <clinit>()
com.coremedia.iso.boxes.AbstractContainerBox: long getContentSize()
com.coremedia.iso.boxes.AbstractContainerBox: AbstractContainerBox(byte[])
com.coremedia.iso.boxes.AbstractContainerBox: com.coremedia.iso.boxes.Box[] getBoxes()
com.coremedia.iso.boxes.AbstractContainerBox: com.coremedia.iso.boxes.Box[] getBoxes(java.lang.Class)
com.coremedia.iso.boxes.AbstractContainerBox: com.coremedia.iso.boxes.Box[] getBoxes(java.lang.Class,boolean)
com.coremedia.iso.boxes.AbstractContainerBox: void addBox(com.coremedia.iso.boxes.Box)
com.coremedia.iso.boxes.AbstractContainerBox: void removeBox(com.coremedia.iso.boxes.Box)
com.coremedia.iso.boxes.AbstractContainerBox: void parse(com.coremedia.iso.IsoBufferWrapper,long,com.coremedia.iso.BoxParser,com.coremedia.iso.boxes.Box)
com.coremedia.iso.boxes.AbstractContainerBox: void getContent(com.coremedia.iso.IsoOutputStream)
com.coremedia.iso.boxes.AbstractContainerBox: java.lang.String toString()
com.coremedia.iso.boxes.AbstractContainerBox: long getNumOfBytesToFirstChild()
com.coremedia.iso.boxes.AbstractBox: long offset
com.coremedia.iso.boxes.AbstractBox: java.util.List writeListeners
com.coremedia.iso.boxes.AbstractBox: byte[] type
com.coremedia.iso.boxes.AbstractBox: byte[] userType
com.coremedia.iso.boxes.AbstractBox: com.coremedia.iso.boxes.ContainerBox parent
com.coremedia.iso.boxes.AbstractBox: java.nio.ByteBuffer[] deadBytes
com.coremedia.iso.boxes.AbstractBox: boolean $assertionsDisabled
com.coremedia.iso.boxes.AbstractBox: void <clinit>()
com.coremedia.iso.boxes.AbstractBox: void addWriteListener(com.coremedia.iso.boxes.WriteListener)
com.coremedia.iso.boxes.AbstractBox: long getSize()
com.coremedia.iso.boxes.AbstractBox: long getHeaderSize()
com.coremedia.iso.boxes.AbstractBox: long getContentSize()
com.coremedia.iso.boxes.AbstractBox: AbstractBox(byte[])
com.coremedia.iso.boxes.AbstractBox: byte[] getType()
com.coremedia.iso.boxes.AbstractBox: byte[] getUserType()
com.coremedia.iso.boxes.AbstractBox: void setUserType(byte[])
com.coremedia.iso.boxes.AbstractBox: com.coremedia.iso.boxes.ContainerBox getParent()
com.coremedia.iso.boxes.AbstractBox: long getOffset()
com.coremedia.iso.boxes.AbstractBox: void setParent(com.coremedia.iso.boxes.ContainerBox)
com.coremedia.iso.boxes.AbstractBox: com.coremedia.iso.IsoFile getIsoFile()
com.coremedia.iso.boxes.AbstractBox: void parse(com.coremedia.iso.IsoBufferWrapper,long,com.coremedia.iso.BoxParser,com.coremedia.iso.boxes.Box)