android/eclipse-workspace/WebCamera/proguard/mapping.txt
com.appdh.webcamera.CameraView -> t:
    android.view.SurfaceHolder holder -> a
    boolean hasSurface -> b
    void surfaceCreated(android.view.SurfaceHolder) -> surfaceCreated
    void surfaceDestroyed(android.view.SurfaceHolder) -> surfaceDestroyed
    void surfaceChanged(android.view.SurfaceHolder,int,int,int) -> surfaceChanged
com.appdh.webcamera.MainActivity -> com.appdh.webcamera.MainActivity:
    java.lang.String TAG -> a
    int screenWidth -> h
    int screenHeight -> i
    android.widget.Button btnSetup -> b
    android.widget.Button btnStart -> c
    android.widget.Button btnExit -> j
    android.app.ProgressDialog processMediaDialog -> d
    com.appdh.webcamera.OverlayView mOverlayView -> e
    com.appdh.webcamera.CameraView mCameraView -> k
    com.appdh.webcamera.MediaSource mMediaSource -> f
    boolean mSetuped -> l
    com.appdh.webcamera.StreamingKernel mStreamingKernel -> m
    java.lang.Thread mStreamingKernelThread -> n
    com.appdh.webcamera.WebServer mWebServer -> o
    java.lang.Thread mWebServerThread -> p
    com.appdh.webcamera.Streamer mStreamer -> g
    android.media.AudioManager mAudioManager -> q
    java.util.Timer detectCameraTimer -> r
    java.util.Timer rePrepareStreamTimer -> s
    android.os.Handler mHandler -> t
    java.lang.Runnable mUpdateTimeTask -> u
    android.os.Handler showRelayMessageHandler -> v
    android.os.Handler beginProcessCameraHandler -> w
    android.os.Handler endProcessCameraHandler -> x
    android.view.View$OnClickListener mStartAction -> y
    android.view.View$OnClickListener mSetupAction -> z
    android.view.View$OnClickListener mExitAction -> A
    void enableButton(android.widget.Button) -> c
    void disableButton(android.widget.Button) -> d
    void copyResourceFile(int,java.lang.String) -> a
com.appdh.webcamera.MainActivity$1 -> k:
    com.appdh.webcamera.MainActivity this$0 -> a
    void run() -> run
com.appdh.webcamera.MainActivity$2 -> i:
    com.appdh.webcamera.MainActivity this$0 -> a
    void handleMessage(android.os.Message) -> handleMessage
com.appdh.webcamera.MainActivity$3 -> j:
    com.appdh.webcamera.MainActivity this$0 -> a
    void handleMessage(android.os.Message) -> handleMessage
com.appdh.webcamera.MainActivity$3$1 -> s:
    com.appdh.webcamera.MainActivity$3 this$1 -> a
    void run() -> run
com.appdh.webcamera.MainActivity$4 -> g:
    com.appdh.webcamera.MainActivity this$0 -> a
    void handleMessage(android.os.Message) -> handleMessage
com.appdh.webcamera.MainActivity$5 -> h:
    com.appdh.webcamera.MainActivity this$0 -> a
    void onClick(android.view.View) -> onClick
com.appdh.webcamera.MainActivity$6 -> n:
    com.appdh.webcamera.MainActivity this$0 -> a
    void onClick(android.view.View) -> onClick
com.appdh.webcamera.MainActivity$7 -> o:
    void onClick(android.view.View) -> onClick
com.appdh.webcamera.MainActivity$8 -> l:
    com.appdh.webcamera.MainActivity this$0 -> a
    void run() -> run
com.appdh.webcamera.MainActivity$9 -> m:
    com.appdh.webcamera.MainActivity this$0 -> a
    void run() -> run
com.appdh.webcamera.MediaPackage -> b:
    byte[] FlvHeader -> a
    void writeFlvHeader(java.io.OutputStream) -> a
    void writeVideoHeader(java.io.OutputStream,byte[],byte[]) -> a
    int writeFlvPackage(java.io.OutputStream,byte[],int,long,int) -> a
com.appdh.webcamera.MediaSource -> c:
    android.media.MediaRecorder mRecorder -> a
    com.appdh.webcamera.CameraView mViewer -> c
    boolean bInited -> d
    java.lang.String TAG -> b
    void startCapture() -> a
    void stopCapture() -> b
    boolean initMedia() -> c
    void releaseMedia() -> d
com.appdh.webcamera.OverlayView -> p:
    java.lang.String[] msgLines -> a
    android.content.Context myContext -> b
    void addMessage(int) -> a
    void addMessage(java.lang.String) -> a
    void onDraw(android.graphics.Canvas) -> onDraw
...
com.coremedia.iso.boxes.apple.AppleCoverBox -> com.coremedia.iso.boxes.apple.AppleCoverBox:
    java.util.logging.Logger LOG -> LOG
    java.lang.String TYPE -> TYPE
    java.lang.String getDisplayName() -> getDisplayName
    void setPng(byte[]) -> setPng
    void setJpg(byte[]) -> setJpg
    void setValue(java.lang.String) -> setValue
    java.lang.String getValue() -> getValue
com.coremedia.iso.boxes.apple.AppleCustomGenreBox -> com.coremedia.iso.boxes.apple.AppleCustomGenreBox:
    java.lang.String TYPE -> TYPE
    java.lang.String getDisplayName() -> getDisplayName
    void setGenre(java.lang.String) -> setGenre
    java.lang.String getGenre() -> getGenre
com.coremedia.iso.boxes.apple.AppleDataBox -> com.coremedia.iso.boxes.apple.AppleDataBox:
    java.lang.String TYPE -> TYPE
    byte[] fourBytes -> fourBytes
    byte[] content -> content
    com.coremedia.iso.boxes.apple.AppleDataBox getEmpty() -> getEmpty
    com.coremedia.iso.boxes.apple.AppleDataBox getStringAppleDataBox() -> getStringAppleDataBox
    com.coremedia.iso.boxes.apple.AppleDataBox getUint8AppleDataBox() -> getUint8AppleDataBox
    com.coremedia.iso.boxes.apple.AppleDataBox getUint16AppleDataBox() -> getUint16AppleDataBox
    com.coremedia.iso.boxes.apple.AppleDataBox getUint32AppleDataBox() -> getUint32AppleDataBox
    long getContentSize() -> getContentSize
    java.lang.String getDisplayName() -> getDisplayName
    void setContent(byte[]) -> setContent
    void setFourBytes(byte[]) -> setFourBytes
    void parse(com.coremedia.iso.IsoBufferWrapper,long,com.coremedia.iso.BoxParser,com.coremedia.iso.boxes.Box) -> parse
    void getContent(com.coremedia.iso.IsoOutputStream) -> getContent
    byte[] getFourBytes() -> getFourBytes
    byte[] getContent() -> getContent
com.coremedia.iso.boxes.apple.AppleDataRateBox -> com.coremedia.iso.boxes.apple.AppleDataRateBox:
    java.lang.String TYPE -> TYPE
    long dataRate -> dataRate
    java.lang.String getDisplayName() -> getDisplayName
    long getContentSize() -> getContentSize
    void parse(com.coremedia.iso.IsoBufferWrapper,long,com.coremedia.iso.BoxParser,com.coremedia.iso.boxes.Box) -> parse
    void getContent(com.coremedia.iso.IsoOutputStream) -> getContent
    long getDataRate() -> getDataRate
com.coremedia.iso.boxes.apple.AppleDataReferenceBox -> com.coremedia.iso.boxes.apple.AppleDataReferenceBox:
    java.lang.String TYPE -> TYPE
    long dataReferenceSize -> dataReferenceSize
    java.lang.String dataReferenceType -> dataReferenceType
    java.lang.String dataReference -> dataReference
    java.lang.String getDisplayName() -> getDisplayName
    long getContentSize() -> getContentSize
    void parse(com.coremedia.iso.IsoBufferWrapper,long,com.coremedia.iso.BoxParser,com.coremedia.iso.boxes.Box) -> parse
    void getContent(com.coremedia.iso.IsoOutputStream) -> getContent
    long getDataReferenceSize() -> getDataReferenceSize
    java.lang.String getDataReferenceType() -> getDataReferenceType
    java.lang.String getDataReference() -> getDataReference
com.coremedia.iso.boxes.apple.AppleDescriptionBox -> com.coremedia.iso.boxes.apple.AppleDescriptionBox:
    java.lang.String TYPE -> TYPE
    java.lang.String getDisplayName() -> getDisplayName
com.coremedia.iso.boxes.apple.AppleEncoderBox -> com.coremedia.iso.boxes.apple.AppleEncoderBox:
    java.lang.String TYPE -> TYPE
    java.lang.String getDisplayName() -> getDisplayName
com.coremedia.iso.boxes.apple.AppleGaplessPlaybackBox -> com.coremedia.iso.boxes.apple.AppleGaplessPlaybackBox:
    java.lang.String TYPE -> TYPE
    java.lang.String getDisplayName() -> getDisplayName
com.coremedia.iso.boxes.apple.AppleGenericBox -> com.coremedia.iso.boxes.apple.AppleGenericBox:
    java.lang.String TYPE -> TYPE
    java.lang.String getDisplayName() -> getDisplayName