android/eclipse-workspace/WebCamera/proguard/usage.txt
com.appdh.webcamera.HttpConstants
com.appdh.webcamera.MainActivity:
    java.util.Timer relayMessageTimer
    327:328:public void relayMessage(int)
com.appdh.webcamera.MediaSource:
    36:36:public boolean isInited()
    40:40:public boolean isStreaming()
    44:44:public boolean isPrepared()
com.appdh.webcamera.R
com.appdh.webcamera.R$attr
com.appdh.webcamera.R$drawable
com.appdh.webcamera.R$id
com.appdh.webcamera.R$layout
com.appdh.webcamera.R$raw
com.appdh.webcamera.R$string
com.appdh.webcamera.StreamingKernel:
    private static final int MP4_HEADER_OFFSET_SIZE
    private static final java.lang.String SDCARD_WEBCAMERA_TEMP_MP4
    public static final int MAX_FRAME_SIZE
    private static final int TYPICAL_FRAME_SIZE
com.appdh.webcamera.StreamingKernel$VideoBuffer:
    421:430:public boolean writeFrame(byte[],int,long,int)
com.appdh.webcamera.Worker:
    static final int BUF_SIZE